0 info it worked if it ends with ok
1 verbose cli [ 'C:\\Program Files\\nodejs\\node.exe',
1 verbose cli   'C:\\Users\\i822950\\AppData\\Roaming\\npm\\node_modules\\npm\\bin\\npm-cli.js',
1 verbose cli   'start' ]
2 info using npm@3.10.10
3 info using node@v8.9.3
4 verbose run-script [ 'prestart', 'start', 'poststart' ]
5 info lifecycle game-of-life@1.0.0~prestart: game-of-life@1.0.0
6 silly lifecycle game-of-life@1.0.0~prestart: no script for prestart, continuing
7 info lifecycle game-of-life@1.0.0~start: game-of-life@1.0.0
8 verbose lifecycle game-of-life@1.0.0~start: unsafe-perm in lifecycle true
9 verbose lifecycle game-of-life@1.0.0~start: PATH: C:\Users\i822950\AppData\Roaming\npm\node_modules\npm\bin\node-gyp-bin;C:\Users\i822950\git\game-of-life\node_modules\.bin;C:\Users\i822950\Desktop\cmder\bin;C:\Users\i822950\Desktop\cmder\vendor\conemu-maximus5\ConEmu\Scripts;C:\Users\i822950\Desktop\cmder\vendor\conemu-maximus5;C:\Users\i822950\Desktop\cmder\vendor\conemu-maximus5\ConEmu;C:\Program Files (x86)\Common Files\Oracle\Java\javapath;C:\Program Files\Docker\Docker\Resources\bin;C:\MinGW\bin;C:\Program Files\Java\jdk1.8.0_121\bin;C:\ProgramData\Oracle\Java\javapath;C:\WINDOWS\system32;C:\WINDOWS;C:\WINDOWS\System32\Wbem;C:\WINDOWS\System32\WindowsPowerShell\v1.0\;C:\Program Files\Git\cmd;C:\Program Files\Microsoft SQL Server\120\Tools\Binn\;C:\Program Files\Microsoft SQL Server\130\Tools\Binn\;C:\Program Files (x86)\Windows Kits\10\Windows Performance Toolkit\;%ANDROID_HOME%\tools;%ANDROID_HOME%\platform-tools;C:\OpenCV\Build\x64\vc14\bin;C:\ChromeDriver;C:\Program Files\Cloud Foundry;C:\Program Files\nodejs\;C:\Users\i822950\AppData\Local\Programs\Python\Python36;C:\apache-maven-3.5.3\bin;C:\Python27;C:\Program Files\Java\jdk1.8.0_121\bin;C:\Program Files\apache-ant-1.9.9\bin;C:\Program Files (x86)\Microsoft VS Code\bin;C:\Users\i822950\appdata\local\android\sdk\tools;C:\Users\i822950\appdata\local\android\sdk\platform-tools;C:\Program Files (x86)\CMake 2.8\bin;C:\Users\i822950\AppData\Roaming\npm;C:\Users\i822950\AppData\Local\Microsoft\WindowsApps;;C:\Users\i822950\AppData\Local\Programs\Microsoft VS Code\bin;C:\Program Files\Git\usr\bin;C:\Program Files\Git\usr\share\vim\vim74;C:\Users\i822950\Desktop\cmder\
10 verbose lifecycle game-of-life@1.0.0~start: CWD: C:\Users\i822950\git\game-of-life
11 silly lifecycle game-of-life@1.0.0~start: Args: [ '/d /s /c', 'node app.js' ]
12 silly lifecycle game-of-life@1.0.0~start: Returned: code: 1  signal: null
13 info lifecycle game-of-life@1.0.0~start: Failed to exec start script
14 verbose stack Error: game-of-life@1.0.0 start: `node app.js`
14 verbose stack Exit status 1
14 verbose stack     at EventEmitter.<anonymous> (C:\Users\i822950\AppData\Roaming\npm\node_modules\npm\lib\utils\lifecycle.js:255:16)
14 verbose stack     at emitTwo (events.js:126:13)
14 verbose stack     at EventEmitter.emit (events.js:214:7)
14 verbose stack     at ChildProcess.<anonymous> (C:\Users\i822950\AppData\Roaming\npm\node_modules\npm\lib\utils\spawn.js:40:14)
14 verbose stack     at emitTwo (events.js:126:13)
14 verbose stack     at ChildProcess.emit (events.js:214:7)
14 verbose stack     at maybeClose (internal/child_process.js:925:16)
14 verbose stack     at Process.ChildProcess._handle.onexit (internal/child_process.js:209:5)
15 verbose pkgid game-of-life@1.0.0
16 verbose cwd C:\Users\i822950\git\game-of-life
17 error Windows_NT 10.0.15063
18 error argv "C:\\Program Files\\nodejs\\node.exe" "C:\\Users\\i822950\\AppData\\Roaming\\npm\\node_modules\\npm\\bin\\npm-cli.js" "start"
19 error node v8.9.3
20 error npm  v3.10.10
21 error code ELIFECYCLE
22 error game-of-life@1.0.0 start: `node app.js`
22 error Exit status 1
23 error Failed at the game-of-life@1.0.0 start script 'node app.js'.
23 error Make sure you have the latest version of node.js and npm installed.
23 error If you do, this is most likely a problem with the game-of-life package,
23 error not with npm itself.
23 error Tell the author that this fails on your system:
23 error     node app.js
23 error You can get information on how to open an issue for this project with:
23 error     npm bugs game-of-life
23 error Or if that isn't available, you can get their info via:
23 error     npm owner ls game-of-life
23 error There is likely additional logging output above.
24 verbose exit [ 1, true ]
